[debug] [2017-12-12T03:50:17.614Z] ----------------------------------------------------------------------
[debug] [2017-12-12T03:50:17.616Z] Command:       /usr/local/Cellar/node/8.4.0/bin/node /usr/local/bin/firebase deploy
[debug] [2017-12-12T03:50:17.617Z] CLI Version:   3.16.0
[debug] [2017-12-12T03:50:17.617Z] Platform:      darwin
[debug] [2017-12-12T03:50:17.617Z] Node Version:  v8.4.0
[debug] [2017-12-12T03:50:17.618Z] Time:          Tue Dec 12 2017 00:50:17 GMT-0300 (-03)
[debug] [2017-12-12T03:50:17.618Z] ----------------------------------------------------------------------
[debug] 
[debug] [2017-12-12T03:50:17.633Z] > command requires scopes: ["email","openid","https://www.googleapis.com/auth/cloudplatformprojects.readonly","https://www.googleapis.com/auth/firebase","https://www.googleapis.com/auth/cloud-platform"]
[debug] [2017-12-12T03:50:17.634Z] > authorizing via signed-in user
[debug] [2017-12-12T03:50:17.636Z] > refreshing access token with scopes: ["email","https://www.googleapis.com/auth/cloud-platform","https://www.googleapis.com/auth/cloudplatformprojects.readonly","https://www.googleapis.com/auth/firebase","openid"]
[debug] [2017-12-12T03:50:17.636Z] >>> HTTP REQUEST POST https://www.googleapis.com/oauth2/v3/token  
 { refresh_token: '1/GtHUy6H11LS_0ea4WkCFn1b1iBHB8YToXqCFDc3fm5g',
  client_id: '563584335869-fgrhgmd47bqnekij5i8b5pr03ho849e6.apps.googleusercontent.com',
  client_secret: 'j9iVZfS8kkCEFUPaAeJV0sAi',
  grant_type: 'refresh_token',
  scope: 'email https://www.googleapis.com/auth/cloud-platform https://www.googleapis.com/auth/cloudplatformprojects.readonly https://www.googleapis.com/auth/firebase openid' } 
 Tue Dec 12 2017 00:50:17 GMT-0300 (-03)
[debug] [2017-12-12T03:50:18.438Z] <<< HTTP RESPONSE 200
[debug] [2017-12-12T03:50:18.452Z] >>> HTTP REQUEST GET https://admin.firebase.com/v1/projects/loiterer-a2ab3  
  
 Tue Dec 12 2017 00:50:18 GMT-0300 (-03)
[debug] [2017-12-12T03:50:19.799Z] <<< HTTP RESPONSE 200
[debug] [2017-12-12T03:50:19.800Z] >>> HTTP REQUEST GET https://admin.firebase.com/v1/database/loiterer-a2ab3/tokens  
  
 Tue Dec 12 2017 00:50:19 GMT-0300 (-03)
